<?xml version="1.0" encoding="UTF-8"?>
<!-- Generated by org.testng.reporters.JUnitXMLReporter -->
<testsuite ignored="0" hostname="LAPTOP-FAP6QC75" failures="1" tests="1" name="Test" time="76.355" errors="0" timestamp="2021-01-27T03:07:02 PST">
  <testcase classname="acj160_QuizTotalQuestions.ACJ176_Max50Questions" name="createQuizWithNNumberOfQuestions" time="69.342">
    <failure type="java.lang.AssertionError" message="expected [true] but found [false]">
      <![CDATA[java.lang.AssertionError: expected [true] but found [false]
at reusableUtilities.ReusableMethods.assertIfActualStringContainsExpectedString(ReusableMethods.java:241)
at acj160_QuizTotalQuestions.ACJ176_Max50Questions.createQuizWithNNumberOfQuestions(ACJ176_Max50Questions.java:17)
at java.base/java.util.ArrayList.forEach(ArrayList.java:1540)
... Removed 31 stack frames]]>
    </failure>
  </testcase> <!-- createQuizWithNNumberOfQuestions -->
</testsuite> <!-- Test -->
