<?xml version="1.0" encoding="UTF-8"?>
<!-- Generated by org.testng.reporters.JUnitXMLReporter -->
<testsuite ignored="0" hostname="LAPTOP-FAP6QC75" failures="11" tests="42" name="Test" time="266.901" errors="0" timestamp="2021-01-18T12:17:21 PST">
  <testcase classname="acj79_RegistrationFirstName.NegativeSignUpTests" name="validateAllErrorMsgForSignUpTest" time="1.834"/>
  <testcase classname="acj79_RegistrationFirstName.PositiveSignUpTests" name="validateAllPositiveScenariosForSignUpTest" time="3.43"/>
  <testcase classname="acj79_RegistrationFirstName.PositiveSignUpTests" name="validateAllPositiveScenariosForSignUpTest" time="4.139"/>
  <testcase classname="acj79_RegistrationFirstName.NegativeSignUpTests" name="validateAllErrorMsgForSignUpTest" time="5.839">
    <failure type="java.lang.AssertionError" message="expected [true] but found [false]">
      <![CDATA[java.lang.AssertionError: expected [true] but found [false]
at reusableUtilities.ReusableMethods.assertEqualStrings(ReusableMethods.java:202)
at pageObjects.SignUpPageObject.validateErrorMessageText(SignUpPageObject.java:55)
at acj79_RegistrationFirstName.NegativeSignUpTests.validateAllErrorMsgForSignUpTest(NegativeSignUpTests.java:27)
at java.base/java.util.concurrent.ThreadPoolExecutor.runWorker(ThreadPoolExecutor.java:1128)
at java.base/java.util.concurrent.ThreadPoolExecutor$Worker.run(ThreadPoolExecutor.java:628)
at java.base/java.lang.Thread.run(Thread.java:834)
... Removed 16 stack frames]]>
    </failure>
  </testcase> <!-- validateAllErrorMsgForSignUpTest -->
  <testcase classname="acj79_RegistrationFirstName.NegativeSignUpTests" name="validateAllErrorMsgForSignUpTest" time="1.551"/>
  <testcase classname="acj79_RegistrationFirstName.PositiveSignUpTests" name="validateAllPositiveScenariosForSignUpTest" time="3.02"/>
  <testcase classname="acj79_RegistrationFirstName.NegativeSignUpTests" name="validateAllErrorMsgForSignUpTest" time="1.598"/>
  <testcase classname="acj79_RegistrationFirstName.PositiveSignUpTests" name="validateAllPositiveScenariosForSignUpTest" time="3.068"/>
  <testcase classname="acj79_RegistrationFirstName.NegativeSignUpTests" name="validateAllErrorMsgForSignUpTest" time="5.559">
    <failure type="java.lang.AssertionError" message="expected [true] but found [false]">
      <![CDATA[java.lang.AssertionError: expected [true] but found [false]
at reusableUtilities.ReusableMethods.assertEqualStrings(ReusableMethods.java:202)
at pageObjects.SignUpPageObject.validateErrorMessageText(SignUpPageObject.java:55)
at acj79_RegistrationFirstName.NegativeSignUpTests.validateAllErrorMsgForSignUpTest(NegativeSignUpTests.java:27)
at java.base/java.util.concurrent.ThreadPoolExecutor.runWorker(ThreadPoolExecutor.java:1128)
at java.base/java.util.concurrent.ThreadPoolExecutor$Worker.run(ThreadPoolExecutor.java:628)
at java.base/java.lang.Thread.run(Thread.java:834)
... Removed 16 stack frames]]>
    </failure>
  </testcase> <!-- validateAllErrorMsgForSignUpTest -->
  <testcase classname="acj79_RegistrationFirstName.PositiveSignUpTests" name="validateAllPositiveScenariosForSignUpTest" time="4.059"/>
  <testcase classname="acj79_RegistrationFirstName.NegativeSignUpTests" name="validateAllErrorMsgForSignUpTest" time="1.327"/>
  <testcase classname="acj79_RegistrationFirstName.PositiveSignUpTests" name="validateAllPositiveScenariosForSignUpTest" time="2.641"/>
  <testcase classname="acj79_RegistrationFirstName.NegativeSignUpTests" name="validateAllErrorMsgForSignUpTest" time="1.339"/>
  <testcase classname="acj79_RegistrationFirstName.PositiveSignUpTests" name="validateAllPositiveScenariosForSignUpTest" time="3.083"/>
  <testcase classname="acj79_RegistrationFirstName.NegativeSignUpTests" name="validateAllErrorMsgForSignUpTest" time="1.469"/>
  <testcase classname="acj79_RegistrationFirstName.PositiveSignUpTests" name="validateAllPositiveScenariosForSignUpTest" time="4.918">
    <failure type="java.lang.AssertionError" message="expected [true] but found [false]">
      <![CDATA[java.lang.AssertionError: expected [true] but found [false]
at reusableUtilities.ReusableMethods.assertEqualStrings(ReusableMethods.java:202)
at pageObjects.SignUpPageObject.validateSignUpPositiveScenarios(SignUpPageObject.java:61)
at acj79_RegistrationFirstName.PositiveSignUpTests.validateAllPositiveScenariosForSignUpTest(PositiveSignUpTests.java:24)
at java.base/java.util.concurrent.ThreadPoolExecutor.runWorker(ThreadPoolExecutor.java:1128)
at java.base/java.util.concurrent.ThreadPoolExecutor$Worker.run(ThreadPoolExecutor.java:628)
at java.base/java.lang.Thread.run(Thread.java:834)
... Removed 16 stack frames]]>
    </failure>
  </testcase> <!-- validateAllPositiveScenariosForSignUpTest -->
  <testcase classname="acj79_RegistrationFirstName.NegativeSignUpTests" name="validateAllErrorMsgForSignUpTest" time="2.227"/>
  <testcase classname="acj79_RegistrationFirstName.NegativeSignUpTests" name="validateAllErrorMsgForSignUpTest" time="1.936"/>
  <testcase classname="acj79_RegistrationFirstName.PositiveSignUpTests" name="validateAllPositiveScenariosForSignUpTest" time="4.304">
    <failure type="java.lang.AssertionError" message="expected [true] but found [false]">
      <![CDATA[java.lang.AssertionError: expected [true] but found [false]
at reusableUtilities.ReusableMethods.assertEqualStrings(ReusableMethods.java:202)
at pageObjects.SignUpPageObject.validateSignUpPositiveScenarios(SignUpPageObject.java:61)
at acj79_RegistrationFirstName.PositiveSignUpTests.validateAllPositiveScenariosForSignUpTest(PositiveSignUpTests.java:24)
at java.base/java.util.concurrent.ThreadPoolExecutor.runWorker(ThreadPoolExecutor.java:1128)
at java.base/java.util.concurrent.ThreadPoolExecutor$Worker.run(ThreadPoolExecutor.java:628)
at java.base/java.lang.Thread.run(Thread.java:834)
... Removed 16 stack frames]]>
    </failure>
  </testcase> <!-- validateAllPositiveScenariosForSignUpTest -->
  <testcase classname="acj79_RegistrationFirstName.NegativeSignUpTests" name="validateAllErrorMsgForSignUpTest" time="2.136"/>
  <testcase classname="acj79_RegistrationFirstName.PositiveSignUpTests" name="validateAllPositiveScenariosForSignUpTest" time="2.851"/>
  <testcase classname="acj79_RegistrationFirstName.NegativeSignUpTests" name="validateAllErrorMsgForSignUpTest" time="1.274"/>
  <testcase classname="acj79_RegistrationFirstName.PositiveSignUpTests" name="validateAllPositiveScenariosForSignUpTest" time="2.735"/>
  <testcase classname="acj79_RegistrationFirstName.NegativeSignUpTests" name="validateAllErrorMsgForSignUpTest" time="1.195"/>
  <testcase classname="acj79_RegistrationFirstName.PositiveSignUpTests" name="validateAllPositiveScenariosForSignUpTest" time="4.921">
    <failure type="java.lang.AssertionError" message="expected [true] but found [false]">
      <![CDATA[java.lang.AssertionError: expected [true] but found [false]
at reusableUtilities.ReusableMethods.assertEqualStrings(ReusableMethods.java:202)
at pageObjects.SignUpPageObject.validateSignUpPositiveScenarios(SignUpPageObject.java:61)
at acj79_RegistrationFirstName.PositiveSignUpTests.validateAllPositiveScenariosForSignUpTest(PositiveSignUpTests.java:24)
at java.base/java.util.concurrent.ThreadPoolExecutor.runWorker(ThreadPoolExecutor.java:1128)
at java.base/java.util.concurrent.ThreadPoolExecutor$Worker.run(ThreadPoolExecutor.java:628)
at java.base/java.lang.Thread.run(Thread.java:834)
... Removed 16 stack frames]]>
    </failure>
  </testcase> <!-- validateAllPositiveScenariosForSignUpTest -->
  <testcase classname="acj79_RegistrationFirstName.NegativeSignUpTests" name="validateAllErrorMsgForSignUpTest" time="1.413"/>
  <testcase classname="acj79_RegistrationFirstName.PositiveSignUpTests" name="validateAllPositiveScenariosForSignUpTest" time="2.883"/>
  <testcase classname="acj79_RegistrationFirstName.NegativeSignUpTests" name="validateAllErrorMsgForSignUpTest" time="1.337"/>
  <testcase classname="acj79_RegistrationFirstName.NegativeSignUpTests" name="validateAllErrorMsgForSignUpTest" time="1.487"/>
  <testcase classname="acj79_RegistrationFirstName.PositiveSignUpTests" name="validateAllPositiveScenariosForSignUpTest" time="3.153"/>
  <testcase classname="acj79_RegistrationFirstName.PositiveSignUpTests" name="validateAllPositiveScenariosForSignUpTest" time="3.009"/>
  <testcase classname="acj79_RegistrationFirstName.NegativeSignUpTests" name="validateAllErrorMsgForSignUpTest" time="4.387">
    <failure type="java.lang.AssertionError" message="expected [true] but found [false]">
      <![CDATA[java.lang.AssertionError: expected [true] but found [false]
at reusableUtilities.ReusableMethods.assertEqualStrings(ReusableMethods.java:202)
at pageObjects.SignUpPageObject.validateErrorMessageText(SignUpPageObject.java:55)
at acj79_RegistrationFirstName.NegativeSignUpTests.validateAllErrorMsgForSignUpTest(NegativeSignUpTests.java:27)
at java.base/java.util.concurrent.ThreadPoolExecutor.runWorker(ThreadPoolExecutor.java:1128)
at java.base/java.util.concurrent.ThreadPoolExecutor$Worker.run(ThreadPoolExecutor.java:628)
at java.base/java.lang.Thread.run(Thread.java:834)
... Removed 15 stack frames]]>
    </failure>
  </testcase> <!-- validateAllErrorMsgForSignUpTest -->
  <testcase classname="acj79_RegistrationFirstName.NegativeSignUpTests" name="validateAllErrorMsgForSignUpTest" time="3.952">
    <failure type="java.lang.AssertionError" message="expected [true] but found [false]">
      <![CDATA[java.lang.AssertionError: expected [true] but found [false]
at reusableUtilities.ReusableMethods.assertEqualStrings(ReusableMethods.java:202)
at pageObjects.SignUpPageObject.validateErrorMessageText(SignUpPageObject.java:55)
at acj79_RegistrationFirstName.NegativeSignUpTests.validateAllErrorMsgForSignUpTest(NegativeSignUpTests.java:27)
at java.base/java.util.concurrent.ThreadPoolExecutor.runWorker(ThreadPoolExecutor.java:1128)
at java.base/java.util.concurrent.ThreadPoolExecutor$Worker.run(ThreadPoolExecutor.java:628)
at java.base/java.lang.Thread.run(Thread.java:834)
... Removed 15 stack frames]]>
    </failure>
  </testcase> <!-- validateAllErrorMsgForSignUpTest -->
  <testcase classname="acj79_RegistrationFirstName.NegativeSignUpTests" name="validateAllErrorMsgForSignUpTest" time="4.191">
    <failure type="java.lang.AssertionError" message="expected [true] but found [false]">
      <![CDATA[java.lang.AssertionError: expected [true] but found [false]
at reusableUtilities.ReusableMethods.assertEqualStrings(ReusableMethods.java:202)
at pageObjects.SignUpPageObject.validateErrorMessageText(SignUpPageObject.java:55)
at acj79_RegistrationFirstName.NegativeSignUpTests.validateAllErrorMsgForSignUpTest(NegativeSignUpTests.java:27)
at java.base/java.util.concurrent.ThreadPoolExecutor.runWorker(ThreadPoolExecutor.java:1128)
at java.base/java.util.concurrent.ThreadPoolExecutor$Worker.run(ThreadPoolExecutor.java:628)
at java.base/java.lang.Thread.run(Thread.java:834)
... Removed 15 stack frames]]>
    </failure>
  </testcase> <!-- validateAllErrorMsgForSignUpTest -->
  <testcase classname="acj79_RegistrationFirstName.NegativeSignUpTests" name="validateAllErrorMsgForSignUpTest" time="0.932"/>
  <testcase classname="acj79_RegistrationFirstName.NegativeSignUpTests" name="validateAllErrorMsgForSignUpTest" time="0.943"/>
  <testcase classname="acj79_RegistrationFirstName.NegativeSignUpTests" name="validateAllErrorMsgForSignUpTest" time="1.367"/>
  <testcase classname="acj79_RegistrationFirstName.NegativeSignUpTests" name="validateAllErrorMsgForSignUpTest" time="4.093">
    <failure type="java.lang.AssertionError" message="expected [true] but found [false]">
      <![CDATA[java.lang.AssertionError: expected [true] but found [false]
at reusableUtilities.ReusableMethods.assertEqualStrings(ReusableMethods.java:202)
at pageObjects.SignUpPageObject.validateErrorMessageText(SignUpPageObject.java:55)
at acj79_RegistrationFirstName.NegativeSignUpTests.validateAllErrorMsgForSignUpTest(NegativeSignUpTests.java:27)
at java.base/java.util.concurrent.ThreadPoolExecutor.runWorker(ThreadPoolExecutor.java:1128)
at java.base/java.util.concurrent.ThreadPoolExecutor$Worker.run(ThreadPoolExecutor.java:628)
at java.base/java.lang.Thread.run(Thread.java:834)
... Removed 15 stack frames]]>
    </failure>
  </testcase> <!-- validateAllErrorMsgForSignUpTest -->
  <testcase classname="acj79_RegistrationFirstName.NegativeSignUpTests" name="validateAllErrorMsgForSignUpTest" time="4.263">
    <failure type="java.lang.AssertionError" message="expected [true] but found [false]">
      <![CDATA[java.lang.AssertionError: expected [true] but found [false]
at reusableUtilities.ReusableMethods.assertEqualStrings(ReusableMethods.java:202)
at pageObjects.SignUpPageObject.validateErrorMessageText(SignUpPageObject.java:55)
at acj79_RegistrationFirstName.NegativeSignUpTests.validateAllErrorMsgForSignUpTest(NegativeSignUpTests.java:27)
at java.base/java.util.concurrent.ThreadPoolExecutor.runWorker(ThreadPoolExecutor.java:1128)
at java.base/java.util.concurrent.ThreadPoolExecutor$Worker.run(ThreadPoolExecutor.java:628)
at java.base/java.lang.Thread.run(Thread.java:834)
... Removed 15 stack frames]]>
    </failure>
  </testcase> <!-- validateAllErrorMsgForSignUpTest -->
  <testcase classname="acj79_RegistrationFirstName.NegativeSignUpTests" name="validateAllErrorMsgForSignUpTest" time="3.851">
    <failure type="java.lang.AssertionError" message="expected [true] but found [false]">
      <![CDATA[java.lang.AssertionError: expected [true] but found [false]
at reusableUtilities.ReusableMethods.assertEqualStrings(ReusableMethods.java:202)
at pageObjects.SignUpPageObject.validateErrorMessageText(SignUpPageObject.java:55)
at acj79_RegistrationFirstName.NegativeSignUpTests.validateAllErrorMsgForSignUpTest(NegativeSignUpTests.java:27)
at java.base/java.util.concurrent.ThreadPoolExecutor.runWorker(ThreadPoolExecutor.java:1128)
at java.base/java.util.concurrent.ThreadPoolExecutor$Worker.run(ThreadPoolExecutor.java:628)
at java.base/java.lang.Thread.run(Thread.java:834)
... Removed 15 stack frames]]>
    </failure>
  </testcase> <!-- validateAllErrorMsgForSignUpTest -->
  <testcase classname="acj79_RegistrationFirstName.NegativeSignUpTests" name="validateAllErrorMsgForSignUpTest" time="0.852"/>
  <testcase classname="acj79_RegistrationFirstName.NegativeSignUpTests" name="validateAllErrorMsgForSignUpTest" time="0.924"/>
</testsuite> <!-- Test -->
