<html>
<head>
<title>TestNG:  Test</title>
<link href="../testng.css" rel="stylesheet" type="text/css" />
<link href="../my-testng.css" rel="stylesheet" type="text/css" />

<style type="text/css">
.log { display: none;} 
.stack-trace { display: none;} 
</style>
<script type="text/javascript">
<!--
function flip(e) {
  current = e.style.display;
  if (current == 'block') {
    e.style.display = 'none';
    return 0;
  }
  else {
    e.style.display = 'block';
    return 1;
  }
}

function toggleBox(szDivId, elem, msg1, msg2)
{
  var res = -1;  if (document.getElementById) {
    res = flip(document.getElementById(szDivId));
  }
  else if (document.all) {
    // this is the way old msie versions work
    res = flip(document.all[szDivId]);
  }
  if(elem) {
    if(res == 0) elem.innerHTML = msg1; else elem.innerHTML = msg2;
  }

}

function toggleAllBoxes() {
  if (document.getElementsByTagName) {
    d = document.getElementsByTagName('div');
    for (i = 0; i < d.length; i++) {
      if (d[i].className == 'log') {
        flip(d[i]);
      }
    }
  }
}

// -->
</script>

</head>
<body>
<h2 align='center'>Test</h2><table border='1' align="center">
<tr>
<td>Tests passed/Failed/Skipped:</td><td>31/11/0</td>
</tr><tr>
<td>Started on:</td><td>Mon Jan 18 12:12:54 PST 2021</td>
</tr>
<tr><td>Total time:</td><td>266 seconds (266901 ms)</td>
</tr><tr>
<td>Included groups:</td><td></td>
</tr><tr>
<td>Excluded groups:</td><td></td>
</tr>
</table><p/>
<small><i>(Hover the method name to see the test class name)</i></small><p/>
<table width='100%' border='1' class='invocation-failed'>
<tr><td colspan='4' align='center'><b>FAILED TESTS</b></td></tr>
<tr><td><b>Test method</b></td>
<td width="30%"><b>Exception</b></td>
<td width="10%"><b>Time (seconds)</b></td>
<td><b>Instance</b></td>
</tr>
<tr>
<td title='acj79_RegistrationFirstName.NegativeSignUpTests.validateAllErrorMsgForSignUpTest()'><b>validateAllErrorMsgForSignUpTest</b><br>Test class: acj79_RegistrationFirstName.NegativeSignUpTests<br>Parameters: {Field=First Name, TC ID=ACJ83, Email=ivan@test.com, Message=Too long. Should be no more than 254 characters, Short Description=FirstName - Max + 1 (255 characters) when last name is 1 character, Confirm Password=Abc123, First Name=Ivan123@$%Ivan123@$%Ivan123@$%Ivan123@$%Ivan123@$%Ivan123@$%Ivan123@$%Ivan123@$%Ivan123@$%Ivan123@$%Ivan123@$%Ivan123@$%Ivan123@$%Ivan123@$%Ivan123@$%Ivan123@$%Ivan123@$%Ivan123@$%Ivan123@$%Ivan123@$%Ivan123@$%Ivan123@$%Ivan123@$%Ivan123@$%Ivan123@$etc255, Group Code=123, Last Name=I, Password=Abc123}</td>
<td><div><pre>java.lang.AssertionError: expected [true] but found [false]
	at reusableUtilities.ReusableMethods.assertEqualStrings(ReusableMethods.java:202)
	at pageObjects.SignUpPageObject.validateErrorMessageText(SignUpPageObject.java:55)
	at acj79_RegistrationFirstName.NegativeSignUpTests.validateAllErrorMsgForSignUpTest(NegativeSignUpTests.java:27)
	at java.base/java.util.concurrent.ThreadPoolExecutor.runWorker(ThreadPoolExecutor.java:1128)
	at java.base/java.util.concurrent.ThreadPoolExecutor$Worker.run(ThreadPoolExecutor.java:628)
	at java.base/java.lang.Thread.run(Thread.java:834)
... Removed 16 stack frames</pre></div><a href='#' onClick='toggleBox("stack-trace1539750065", this, "Click to show all stack frames", "Click to hide stack frames")'>Click to show all stack frames</a>
<div class='stack-trace' id='stack-trace1539750065'><pre>java.lang.AssertionError: expected [true] but found [false]
	at org.testng.Assert.fail(Assert.java:99)
	at org.testng.Assert.failNotEquals(Assert.java:1037)
	at org.testng.Assert.assertTrue(Assert.java:45)
	at org.testng.Assert.assertTrue(Assert.java:55)
	at reusableUtilities.ReusableMethods.assertEqualStrings(ReusableMethods.java:202)
	at pageObjects.SignUpPageObject.validateErrorMessageText(SignUpPageObject.java:55)
	at acj79_RegistrationFirstName.NegativeSignUpTests.validateAllErrorMsgForSignUpTest(NegativeSignUpTests.java:27)
	at java.base/jdk.internal.reflect.NativeMethodAccessorImpl.invoke0(Native Method)
	at java.base/jdk.internal.reflect.NativeMethodAccessorImpl.invoke(NativeMethodAccessorImpl.java:62)
	at java.base/jdk.internal.reflect.DelegatingMethodAccessorImpl.invoke(DelegatingMethodAccessorImpl.java:43)
	at java.base/java.lang.reflect.Method.invoke(Method.java:566)
	at org.testng.internal.MethodInvocationHelper.invokeMethod(MethodInvocationHelper.java:132)
	at org.testng.internal.TestInvoker.invokeMethod(TestInvoker.java:599)
	at org.testng.internal.TestInvoker.invokeTestMethod(TestInvoker.java:174)
	at org.testng.internal.MethodRunner.runInSequence(MethodRunner.java:46)
	at org.testng.internal.TestInvoker$MethodInvocationAgent.invoke(TestInvoker.java:822)
	at org.testng.internal.TestInvoker.invokeTestMethods(TestInvoker.java:147)
	at org.testng.internal.TestMethodWorker.invokeTestMethods(TestMethodWorker.java:146)
	at org.testng.internal.TestMethodWorker.run(TestMethodWorker.java:128)
	at java.base/java.util.concurrent.ThreadPoolExecutor.runWorker(ThreadPoolExecutor.java:1128)
	at java.base/java.util.concurrent.ThreadPoolExecutor$Worker.run(ThreadPoolExecutor.java:628)
	at java.base/java.lang.Thread.run(Thread.java:834)
</pre></div></td>
<td>5</td>
<td>acj79_RegistrationFirstName.NegativeSignUpTests@793138bd</td></tr>
<tr>
<td title='acj79_RegistrationFirstName.NegativeSignUpTests.validateAllErrorMsgForSignUpTest()'><b>validateAllErrorMsgForSignUpTest</b><br>Test class: acj79_RegistrationFirstName.NegativeSignUpTests<br>Parameters: {Field=Last Name, TC ID=no such TC, Email=ivan@test.com, Message=Too long. Should be no more than 254 characters, Short Description=LastName - Max + 1 (255 characters) when last name is 1 character, Confirm Password=Abc123, First Name=I, Group Code=123, Last Name=Ivan123@$%Ivan123@$%Ivan123@$%Ivan123@$%Ivan123@$%Ivan123@$%Ivan123@$%Ivan123@$%Ivan123@$%Ivan123@$%Ivan123@$%Ivan123@$%Ivan123@$%Ivan123@$%Ivan123@$%Ivan123@$%Ivan123@$%Ivan123@$%Ivan123@$%Ivan123@$%Ivan123@$%Ivan123@$%Ivan123@$%Ivan123@$%Ivan123@$eww255, Password=Abc123}</td>
<td><div><pre>java.lang.AssertionError: expected [true] but found [false]
	at reusableUtilities.ReusableMethods.assertEqualStrings(ReusableMethods.java:202)
	at pageObjects.SignUpPageObject.validateErrorMessageText(SignUpPageObject.java:55)
	at acj79_RegistrationFirstName.NegativeSignUpTests.validateAllErrorMsgForSignUpTest(NegativeSignUpTests.java:27)
	at java.base/java.util.concurrent.ThreadPoolExecutor.runWorker(ThreadPoolExecutor.java:1128)
	at java.base/java.util.concurrent.ThreadPoolExecutor$Worker.run(ThreadPoolExecutor.java:628)
	at java.base/java.lang.Thread.run(Thread.java:834)
... Removed 16 stack frames</pre></div><a href='#' onClick='toggleBox("stack-trace1537153119", this, "Click to show all stack frames", "Click to hide stack frames")'>Click to show all stack frames</a>
<div class='stack-trace' id='stack-trace1537153119'><pre>java.lang.AssertionError: expected [true] but found [false]
	at org.testng.Assert.fail(Assert.java:99)
	at org.testng.Assert.failNotEquals(Assert.java:1037)
	at org.testng.Assert.assertTrue(Assert.java:45)
	at org.testng.Assert.assertTrue(Assert.java:55)
	at reusableUtilities.ReusableMethods.assertEqualStrings(ReusableMethods.java:202)
	at pageObjects.SignUpPageObject.validateErrorMessageText(SignUpPageObject.java:55)
	at acj79_RegistrationFirstName.NegativeSignUpTests.validateAllErrorMsgForSignUpTest(NegativeSignUpTests.java:27)
	at java.base/jdk.internal.reflect.NativeMethodAccessorImpl.invoke0(Native Method)
	at java.base/jdk.internal.reflect.NativeMethodAccessorImpl.invoke(NativeMethodAccessorImpl.java:62)
	at java.base/jdk.internal.reflect.DelegatingMethodAccessorImpl.invoke(DelegatingMethodAccessorImpl.java:43)
	at java.base/java.lang.reflect.Method.invoke(Method.java:566)
	at org.testng.internal.MethodInvocationHelper.invokeMethod(MethodInvocationHelper.java:132)
	at org.testng.internal.TestInvoker.invokeMethod(TestInvoker.java:599)
	at org.testng.internal.TestInvoker.invokeTestMethod(TestInvoker.java:174)
	at org.testng.internal.MethodRunner.runInSequence(MethodRunner.java:46)
	at org.testng.internal.TestInvoker$MethodInvocationAgent.invoke(TestInvoker.java:822)
	at org.testng.internal.TestInvoker.invokeTestMethods(TestInvoker.java:147)
	at org.testng.internal.TestMethodWorker.invokeTestMethods(TestMethodWorker.java:146)
	at org.testng.internal.TestMethodWorker.run(TestMethodWorker.java:128)
	at java.base/java.util.concurrent.ThreadPoolExecutor.runWorker(ThreadPoolExecutor.java:1128)
	at java.base/java.util.concurrent.ThreadPoolExecutor$Worker.run(ThreadPoolExecutor.java:628)
	at java.base/java.lang.Thread.run(Thread.java:834)
</pre></div></td>
<td>5</td>
<td>acj79_RegistrationFirstName.NegativeSignUpTests@793138bd</td></tr>
<tr>
<td title='acj79_RegistrationFirstName.NegativeSignUpTests.validateAllErrorMsgForSignUpTest()'><b>validateAllErrorMsgForSignUpTest</b><br>Test class: acj79_RegistrationFirstName.NegativeSignUpTests<br>Parameters: {Field=Group Code, TC ID=no such TC, Email=ivan@test.com, Message=Whitespaces are not allowed, Short Description=GroupCode - Whitespace - Before, Confirm Password=Abc123, First Name=Ivan, Group Code= 123, Last Name=Ivanov, Password=Abc123}</td>
<td><div><pre>java.lang.AssertionError: expected [true] but found [false]
	at reusableUtilities.ReusableMethods.assertEqualStrings(ReusableMethods.java:202)
	at pageObjects.SignUpPageObject.validateErrorMessageText(SignUpPageObject.java:55)
	at acj79_RegistrationFirstName.NegativeSignUpTests.validateAllErrorMsgForSignUpTest(NegativeSignUpTests.java:27)
	at java.base/java.util.concurrent.ThreadPoolExecutor.runWorker(ThreadPoolExecutor.java:1128)
	at java.base/java.util.concurrent.ThreadPoolExecutor$Worker.run(ThreadPoolExecutor.java:628)
	at java.base/java.lang.Thread.run(Thread.java:834)
... Removed 15 stack frames</pre></div><a href='#' onClick='toggleBox("stack-trace1688333451", this, "Click to show all stack frames", "Click to hide stack frames")'>Click to show all stack frames</a>
<div class='stack-trace' id='stack-trace1688333451'><pre>java.lang.AssertionError: expected [true] but found [false]
	at org.testng.Assert.fail(Assert.java:99)
	at org.testng.Assert.failNotEquals(Assert.java:1037)
	at org.testng.Assert.assertTrue(Assert.java:45)
	at org.testng.Assert.assertTrue(Assert.java:55)
	at reusableUtilities.ReusableMethods.assertEqualStrings(ReusableMethods.java:202)
	at pageObjects.SignUpPageObject.validateErrorMessageText(SignUpPageObject.java:55)
	at acj79_RegistrationFirstName.NegativeSignUpTests.validateAllErrorMsgForSignUpTest(NegativeSignUpTests.java:27)
	at jdk.internal.reflect.GeneratedMethodAccessor4.invoke(Unknown Source)
	at java.base/jdk.internal.reflect.DelegatingMethodAccessorImpl.invoke(DelegatingMethodAccessorImpl.java:43)
	at java.base/java.lang.reflect.Method.invoke(Method.java:566)
	at org.testng.internal.MethodInvocationHelper.invokeMethod(MethodInvocationHelper.java:132)
	at org.testng.internal.TestInvoker.invokeMethod(TestInvoker.java:599)
	at org.testng.internal.TestInvoker.invokeTestMethod(TestInvoker.java:174)
	at org.testng.internal.MethodRunner.runInSequence(MethodRunner.java:46)
	at org.testng.internal.TestInvoker$MethodInvocationAgent.invoke(TestInvoker.java:822)
	at org.testng.internal.TestInvoker.invokeTestMethods(TestInvoker.java:147)
	at org.testng.internal.TestMethodWorker.invokeTestMethods(TestMethodWorker.java:146)
	at org.testng.internal.TestMethodWorker.run(TestMethodWorker.java:128)
	at java.base/java.util.concurrent.ThreadPoolExecutor.runWorker(ThreadPoolExecutor.java:1128)
	at java.base/java.util.concurrent.ThreadPoolExecutor$Worker.run(ThreadPoolExecutor.java:628)
	at java.base/java.lang.Thread.run(Thread.java:834)
</pre></div></td>
<td>4</td>
<td>acj79_RegistrationFirstName.NegativeSignUpTests@793138bd</td></tr>
<tr>
<td title='acj79_RegistrationFirstName.NegativeSignUpTests.validateAllErrorMsgForSignUpTest()'><b>validateAllErrorMsgForSignUpTest</b><br>Test class: acj79_RegistrationFirstName.NegativeSignUpTests<br>Parameters: {Field=Group Code, TC ID=no such TC, Email=ivan@test.com, Message=Whitespaces are not allowed, Short Description=GroupCode - Whitespace - Middle, Confirm Password=Abc123, First Name=Ivan, Group Code=12 3, Last Name=Ivanov, Password=Abc123}</td>
<td><div><pre>java.lang.AssertionError: expected [true] but found [false]
	at reusableUtilities.ReusableMethods.assertEqualStrings(ReusableMethods.java:202)
	at pageObjects.SignUpPageObject.validateErrorMessageText(SignUpPageObject.java:55)
	at acj79_RegistrationFirstName.NegativeSignUpTests.validateAllErrorMsgForSignUpTest(NegativeSignUpTests.java:27)
	at java.base/java.util.concurrent.ThreadPoolExecutor.runWorker(ThreadPoolExecutor.java:1128)
	at java.base/java.util.concurrent.ThreadPoolExecutor$Worker.run(ThreadPoolExecutor.java:628)
	at java.base/java.lang.Thread.run(Thread.java:834)
... Removed 15 stack frames</pre></div><a href='#' onClick='toggleBox("stack-trace1012250233", this, "Click to show all stack frames", "Click to hide stack frames")'>Click to show all stack frames</a>
<div class='stack-trace' id='stack-trace1012250233'><pre>java.lang.AssertionError: expected [true] but found [false]
	at org.testng.Assert.fail(Assert.java:99)
	at org.testng.Assert.failNotEquals(Assert.java:1037)
	at org.testng.Assert.assertTrue(Assert.java:45)
	at org.testng.Assert.assertTrue(Assert.java:55)
	at reusableUtilities.ReusableMethods.assertEqualStrings(ReusableMethods.java:202)
	at pageObjects.SignUpPageObject.validateErrorMessageText(SignUpPageObject.java:55)
	at acj79_RegistrationFirstName.NegativeSignUpTests.validateAllErrorMsgForSignUpTest(NegativeSignUpTests.java:27)
	at jdk.internal.reflect.GeneratedMethodAccessor4.invoke(Unknown Source)
	at java.base/jdk.internal.reflect.DelegatingMethodAccessorImpl.invoke(DelegatingMethodAccessorImpl.java:43)
	at java.base/java.lang.reflect.Method.invoke(Method.java:566)
	at org.testng.internal.MethodInvocationHelper.invokeMethod(MethodInvocationHelper.java:132)
	at org.testng.internal.TestInvoker.invokeMethod(TestInvoker.java:599)
	at org.testng.internal.TestInvoker.invokeTestMethod(TestInvoker.java:174)
	at org.testng.internal.MethodRunner.runInSequence(MethodRunner.java:46)
	at org.testng.internal.TestInvoker$MethodInvocationAgent.invoke(TestInvoker.java:822)
	at org.testng.internal.TestInvoker.invokeTestMethods(TestInvoker.java:147)
	at org.testng.internal.TestMethodWorker.invokeTestMethods(TestMethodWorker.java:146)
	at org.testng.internal.TestMethodWorker.run(TestMethodWorker.java:128)
	at java.base/java.util.concurrent.ThreadPoolExecutor.runWorker(ThreadPoolExecutor.java:1128)
	at java.base/java.util.concurrent.ThreadPoolExecutor$Worker.run(ThreadPoolExecutor.java:628)
	at java.base/java.lang.Thread.run(Thread.java:834)
</pre></div></td>
<td>3</td>
<td>acj79_RegistrationFirstName.NegativeSignUpTests@793138bd</td></tr>
<tr>
<td title='acj79_RegistrationFirstName.NegativeSignUpTests.validateAllErrorMsgForSignUpTest()'><b>validateAllErrorMsgForSignUpTest</b><br>Test class: acj79_RegistrationFirstName.NegativeSignUpTests<br>Parameters: {Field=Group Code, TC ID=no such TC, Email=ivan@test.com, Message=Whitespaces are not allowed, Short Description=GroupCode - Whitespace - Middle, Confirm Password=Abc123, First Name=Ivan, Group Code=12 , Last Name=Ivanov, Password=Abc123}</td>
<td><div><pre>java.lang.AssertionError: expected [true] but found [false]
	at reusableUtilities.ReusableMethods.assertEqualStrings(ReusableMethods.java:202)
	at pageObjects.SignUpPageObject.validateErrorMessageText(SignUpPageObject.java:55)
	at acj79_RegistrationFirstName.NegativeSignUpTests.validateAllErrorMsgForSignUpTest(NegativeSignUpTests.java:27)
	at java.base/java.util.concurrent.ThreadPoolExecutor.runWorker(ThreadPoolExecutor.java:1128)
	at java.base/java.util.concurrent.ThreadPoolExecutor$Worker.run(ThreadPoolExecutor.java:628)
	at java.base/java.lang.Thread.run(Thread.java:834)
... Removed 15 stack frames</pre></div><a href='#' onClick='toggleBox("stack-trace613575570", this, "Click to show all stack frames", "Click to hide stack frames")'>Click to show all stack frames</a>
<div class='stack-trace' id='stack-trace613575570'><pre>java.lang.AssertionError: expected [true] but found [false]
	at org.testng.Assert.fail(Assert.java:99)
	at org.testng.Assert.failNotEquals(Assert.java:1037)
	at org.testng.Assert.assertTrue(Assert.java:45)
	at org.testng.Assert.assertTrue(Assert.java:55)
	at reusableUtilities.ReusableMethods.assertEqualStrings(ReusableMethods.java:202)
	at pageObjects.SignUpPageObject.validateErrorMessageText(SignUpPageObject.java:55)
	at acj79_RegistrationFirstName.NegativeSignUpTests.validateAllErrorMsgForSignUpTest(NegativeSignUpTests.java:27)
	at jdk.internal.reflect.GeneratedMethodAccessor4.invoke(Unknown Source)
	at java.base/jdk.internal.reflect.DelegatingMethodAccessorImpl.invoke(DelegatingMethodAccessorImpl.java:43)
	at java.base/java.lang.reflect.Method.invoke(Method.java:566)
	at org.testng.internal.MethodInvocationHelper.invokeMethod(MethodInvocationHelper.java:132)
	at org.testng.internal.TestInvoker.invokeMethod(TestInvoker.java:599)
	at org.testng.internal.TestInvoker.invokeTestMethod(TestInvoker.java:174)
	at org.testng.internal.MethodRunner.runInSequence(MethodRunner.java:46)
	at org.testng.internal.TestInvoker$MethodInvocationAgent.invoke(TestInvoker.java:822)
	at org.testng.internal.TestInvoker.invokeTestMethods(TestInvoker.java:147)
	at org.testng.internal.TestMethodWorker.invokeTestMethods(TestMethodWorker.java:146)
	at org.testng.internal.TestMethodWorker.run(TestMethodWorker.java:128)
	at java.base/java.util.concurrent.ThreadPoolExecutor.runWorker(ThreadPoolExecutor.java:1128)
	at java.base/java.util.concurrent.ThreadPoolExecutor$Worker.run(ThreadPoolExecutor.java:628)
	at java.base/java.lang.Thread.run(Thread.java:834)
</pre></div></td>
<td>4</td>
<td>acj79_RegistrationFirstName.NegativeSignUpTests@793138bd</td></tr>
<tr>
<td title='acj79_RegistrationFirstName.NegativeSignUpTests.validateAllErrorMsgForSignUpTest()'><b>validateAllErrorMsgForSignUpTest</b><br>Test class: acj79_RegistrationFirstName.NegativeSignUpTests<br>Parameters: {Field=Password, TC ID=ACJ142, Email=ivan@test.com, Message=Too long. Should be no more than 32 characters, Short Description=Password - Maximum +1 (33 characters), Confirm Password=Abc1234567Abc1234567Abc1234567Abc, First Name=Ivan, Group Code=123, Last Name=Ivanov, Password=Abc1234567Abc1234567Abc1234567Abc}</td>
<td><div><pre>java.lang.AssertionError: expected [true] but found [false]
	at reusableUtilities.ReusableMethods.assertEqualStrings(ReusableMethods.java:202)
	at pageObjects.SignUpPageObject.validateErrorMessageText(SignUpPageObject.java:55)
	at acj79_RegistrationFirstName.NegativeSignUpTests.validateAllErrorMsgForSignUpTest(NegativeSignUpTests.java:27)
	at java.base/java.util.concurrent.ThreadPoolExecutor.runWorker(ThreadPoolExecutor.java:1128)
	at java.base/java.util.concurrent.ThreadPoolExecutor$Worker.run(ThreadPoolExecutor.java:628)
	at java.base/java.lang.Thread.run(Thread.java:834)
... Removed 15 stack frames</pre></div><a href='#' onClick='toggleBox("stack-trace542554641", this, "Click to show all stack frames", "Click to hide stack frames")'>Click to show all stack frames</a>
<div class='stack-trace' id='stack-trace542554641'><pre>java.lang.AssertionError: expected [true] but found [false]
	at org.testng.Assert.fail(Assert.java:99)
	at org.testng.Assert.failNotEquals(Assert.java:1037)
	at org.testng.Assert.assertTrue(Assert.java:45)
	at org.testng.Assert.assertTrue(Assert.java:55)
	at reusableUtilities.ReusableMethods.assertEqualStrings(ReusableMethods.java:202)
	at pageObjects.SignUpPageObject.validateErrorMessageText(SignUpPageObject.java:55)
	at acj79_RegistrationFirstName.NegativeSignUpTests.validateAllErrorMsgForSignUpTest(NegativeSignUpTests.java:27)
	at jdk.internal.reflect.GeneratedMethodAccessor4.invoke(Unknown Source)
	at java.base/jdk.internal.reflect.DelegatingMethodAccessorImpl.invoke(DelegatingMethodAccessorImpl.java:43)
	at java.base/java.lang.reflect.Method.invoke(Method.java:566)
	at org.testng.internal.MethodInvocationHelper.invokeMethod(MethodInvocationHelper.java:132)
	at org.testng.internal.TestInvoker.invokeMethod(TestInvoker.java:599)
	at org.testng.internal.TestInvoker.invokeTestMethod(TestInvoker.java:174)
	at org.testng.internal.MethodRunner.runInSequence(MethodRunner.java:46)
	at org.testng.internal.TestInvoker$MethodInvocationAgent.invoke(TestInvoker.java:822)
	at org.testng.internal.TestInvoker.invokeTestMethods(TestInvoker.java:147)
	at org.testng.internal.TestMethodWorker.invokeTestMethods(TestMethodWorker.java:146)
	at org.testng.internal.TestMethodWorker.run(TestMethodWorker.java:128)
	at java.base/java.util.concurrent.ThreadPoolExecutor.runWorker(ThreadPoolExecutor.java:1128)
	at java.base/java.util.concurrent.ThreadPoolExecutor$Worker.run(ThreadPoolExecutor.java:628)
	at java.base/java.lang.Thread.run(Thread.java:834)
</pre></div></td>
<td>4</td>
<td>acj79_RegistrationFirstName.NegativeSignUpTests@793138bd</td></tr>
<tr>
<td title='acj79_RegistrationFirstName.NegativeSignUpTests.validateAllErrorMsgForSignUpTest()'><b>validateAllErrorMsgForSignUpTest</b><br>Test class: acj79_RegistrationFirstName.NegativeSignUpTests<br>Parameters: {Field=Password, TC ID=ACJ143, Email=ivan@test.com, Message=Whitespaces are not allowed, Short Description=Password - White spaces is not allowed, Confirm Password=Abc123, First Name=Ivan, Group Code=123, Last Name=Ivanov, Password=Abc123}</td>
<td><div><pre>java.lang.AssertionError: expected [true] but found [false]
	at reusableUtilities.ReusableMethods.assertEqualStrings(ReusableMethods.java:202)
	at pageObjects.SignUpPageObject.validateErrorMessageText(SignUpPageObject.java:55)
	at acj79_RegistrationFirstName.NegativeSignUpTests.validateAllErrorMsgForSignUpTest(NegativeSignUpTests.java:27)
	at java.base/java.util.concurrent.ThreadPoolExecutor.runWorker(ThreadPoolExecutor.java:1128)
	at java.base/java.util.concurrent.ThreadPoolExecutor$Worker.run(ThreadPoolExecutor.java:628)
	at java.base/java.lang.Thread.run(Thread.java:834)
... Removed 15 stack frames</pre></div><a href='#' onClick='toggleBox("stack-trace1823063135", this, "Click to show all stack frames", "Click to hide stack frames")'>Click to show all stack frames</a>
<div class='stack-trace' id='stack-trace1823063135'><pre>java.lang.AssertionError: expected [true] but found [false]
	at org.testng.Assert.fail(Assert.java:99)
	at org.testng.Assert.failNotEquals(Assert.java:1037)
	at org.testng.Assert.assertTrue(Assert.java:45)
	at org.testng.Assert.assertTrue(Assert.java:55)
	at reusableUtilities.ReusableMethods.assertEqualStrings(ReusableMethods.java:202)
	at pageObjects.SignUpPageObject.validateErrorMessageText(SignUpPageObject.java:55)
	at acj79_RegistrationFirstName.NegativeSignUpTests.validateAllErrorMsgForSignUpTest(NegativeSignUpTests.java:27)
	at jdk.internal.reflect.GeneratedMethodAccessor4.invoke(Unknown Source)
	at java.base/jdk.internal.reflect.DelegatingMethodAccessorImpl.invoke(DelegatingMethodAccessorImpl.java:43)
	at java.base/java.lang.reflect.Method.invoke(Method.java:566)
	at org.testng.internal.MethodInvocationHelper.invokeMethod(MethodInvocationHelper.java:132)
	at org.testng.internal.TestInvoker.invokeMethod(TestInvoker.java:599)
	at org.testng.internal.TestInvoker.invokeTestMethod(TestInvoker.java:174)
	at org.testng.internal.MethodRunner.runInSequence(MethodRunner.java:46)
	at org.testng.internal.TestInvoker$MethodInvocationAgent.invoke(TestInvoker.java:822)
	at org.testng.internal.TestInvoker.invokeTestMethods(TestInvoker.java:147)
	at org.testng.internal.TestMethodWorker.invokeTestMethods(TestMethodWorker.java:146)
	at org.testng.internal.TestMethodWorker.run(TestMethodWorker.java:128)
	at java.base/java.util.concurrent.ThreadPoolExecutor.runWorker(ThreadPoolExecutor.java:1128)
	at java.base/java.util.concurrent.ThreadPoolExecutor$Worker.run(ThreadPoolExecutor.java:628)
	at java.base/java.lang.Thread.run(Thread.java:834)
</pre></div></td>
<td>4</td>
<td>acj79_RegistrationFirstName.NegativeSignUpTests@793138bd</td></tr>
<tr>
<td title='acj79_RegistrationFirstName.NegativeSignUpTests.validateAllErrorMsgForSignUpTest()'><b>validateAllErrorMsgForSignUpTest</b><br>Test class: acj79_RegistrationFirstName.NegativeSignUpTests<br>Parameters: {Field=Confirm Password, TC ID=ACJ145, Email=ivan@test.com, Message=Entered passwords should match, Short Description=Password doesn’t match with confirm password, Confirm Password=Abc123, First Name=Ivan, Group Code=123, Last Name=Ivanov, Password=Abc123}</td>
<td><div><pre>java.lang.AssertionError: expected [true] but found [false]
	at reusableUtilities.ReusableMethods.assertEqualStrings(ReusableMethods.java:202)
	at pageObjects.SignUpPageObject.validateErrorMessageText(SignUpPageObject.java:55)
	at acj79_RegistrationFirstName.NegativeSignUpTests.validateAllErrorMsgForSignUpTest(NegativeSignUpTests.java:27)
	at java.base/java.util.concurrent.ThreadPoolExecutor.runWorker(ThreadPoolExecutor.java:1128)
	at java.base/java.util.concurrent.ThreadPoolExecutor$Worker.run(ThreadPoolExecutor.java:628)
	at java.base/java.lang.Thread.run(Thread.java:834)
... Removed 15 stack frames</pre></div><a href='#' onClick='toggleBox("stack-trace1426909546", this, "Click to show all stack frames", "Click to hide stack frames")'>Click to show all stack frames</a>
<div class='stack-trace' id='stack-trace1426909546'><pre>java.lang.AssertionError: expected [true] but found [false]
	at org.testng.Assert.fail(Assert.java:99)
	at org.testng.Assert.failNotEquals(Assert.java:1037)
	at org.testng.Assert.assertTrue(Assert.java:45)
	at org.testng.Assert.assertTrue(Assert.java:55)
	at reusableUtilities.ReusableMethods.assertEqualStrings(ReusableMethods.java:202)
	at pageObjects.SignUpPageObject.validateErrorMessageText(SignUpPageObject.java:55)
	at acj79_RegistrationFirstName.NegativeSignUpTests.validateAllErrorMsgForSignUpTest(NegativeSignUpTests.java:27)
	at jdk.internal.reflect.GeneratedMethodAccessor4.invoke(Unknown Source)
	at java.base/jdk.internal.reflect.DelegatingMethodAccessorImpl.invoke(DelegatingMethodAccessorImpl.java:43)
	at java.base/java.lang.reflect.Method.invoke(Method.java:566)
	at org.testng.internal.MethodInvocationHelper.invokeMethod(MethodInvocationHelper.java:132)
	at org.testng.internal.TestInvoker.invokeMethod(TestInvoker.java:599)
	at org.testng.internal.TestInvoker.invokeTestMethod(TestInvoker.java:174)
	at org.testng.internal.MethodRunner.runInSequence(MethodRunner.java:46)
	at org.testng.internal.TestInvoker$MethodInvocationAgent.invoke(TestInvoker.java:822)
	at org.testng.internal.TestInvoker.invokeTestMethods(TestInvoker.java:147)
	at org.testng.internal.TestMethodWorker.invokeTestMethods(TestMethodWorker.java:146)
	at org.testng.internal.TestMethodWorker.run(TestMethodWorker.java:128)
	at java.base/java.util.concurrent.ThreadPoolExecutor.runWorker(ThreadPoolExecutor.java:1128)
	at java.base/java.util.concurrent.ThreadPoolExecutor$Worker.run(ThreadPoolExecutor.java:628)
	at java.base/java.lang.Thread.run(Thread.java:834)
</pre></div></td>
<td>3</td>
<td>acj79_RegistrationFirstName.NegativeSignUpTests@793138bd</td></tr>
<tr>
<td title='acj79_RegistrationFirstName.PositiveSignUpTests.validateAllPositiveScenariosForSignUpTest()'><b>validateAllPositiveScenariosForSignUpTest</b><br>Test class: acj79_RegistrationFirstName.PositiveSignUpTests<br>Parameters: {TC ID=ACJ144, Email=bgdfkjbgdskjlbgdfskjlbgdsjkbgklskjbgskjbgjafdngdskjjfdkbgdskljbg@bgdfkjbgdskjlbgdfskjlbgdsjkbgklskjbgskjbgjafdngdskjjfdkbgdskljb.bgdfkjbgdskjlbgdfskjlbgdsjkbgklskjbgskjbgjafdngdskjjfdkbgdskljb, Message=You have been Registered., Short Description=Email - 64 char in front, 63 in middle, 63 in end, Confirm Password=Abc123, First Name=Ivan, Group Code=123, Last Name=Ivanov, Password=Abc123}</td>
<td><div><pre>java.lang.AssertionError: expected [true] but found [false]
	at reusableUtilities.ReusableMethods.assertEqualStrings(ReusableMethods.java:202)
	at pageObjects.SignUpPageObject.validateSignUpPositiveScenarios(SignUpPageObject.java:61)
	at acj79_RegistrationFirstName.PositiveSignUpTests.validateAllPositiveScenariosForSignUpTest(PositiveSignUpTests.java:24)
	at java.base/java.util.concurrent.ThreadPoolExecutor.runWorker(ThreadPoolExecutor.java:1128)
	at java.base/java.util.concurrent.ThreadPoolExecutor$Worker.run(ThreadPoolExecutor.java:628)
	at java.base/java.lang.Thread.run(Thread.java:834)
... Removed 16 stack frames</pre></div><a href='#' onClick='toggleBox("stack-trace1286408377", this, "Click to show all stack frames", "Click to hide stack frames")'>Click to show all stack frames</a>
<div class='stack-trace' id='stack-trace1286408377'><pre>java.lang.AssertionError: expected [true] but found [false]
	at org.testng.Assert.fail(Assert.java:99)
	at org.testng.Assert.failNotEquals(Assert.java:1037)
	at org.testng.Assert.assertTrue(Assert.java:45)
	at org.testng.Assert.assertTrue(Assert.java:55)
	at reusableUtilities.ReusableMethods.assertEqualStrings(ReusableMethods.java:202)
	at pageObjects.SignUpPageObject.validateSignUpPositiveScenarios(SignUpPageObject.java:61)
	at acj79_RegistrationFirstName.PositiveSignUpTests.validateAllPositiveScenariosForSignUpTest(PositiveSignUpTests.java:24)
	at java.base/jdk.internal.reflect.NativeMethodAccessorImpl.invoke0(Native Method)
	at java.base/jdk.internal.reflect.NativeMethodAccessorImpl.invoke(NativeMethodAccessorImpl.java:62)
	at java.base/jdk.internal.reflect.DelegatingMethodAccessorImpl.invoke(DelegatingMethodAccessorImpl.java:43)
	at java.base/java.lang.reflect.Method.invoke(Method.java:566)
	at org.testng.internal.MethodInvocationHelper.invokeMethod(MethodInvocationHelper.java:132)
	at org.testng.internal.TestInvoker.invokeMethod(TestInvoker.java:599)
	at org.testng.internal.TestInvoker.invokeTestMethod(TestInvoker.java:174)
	at org.testng.internal.MethodRunner.runInSequence(MethodRunner.java:46)
	at org.testng.internal.TestInvoker$MethodInvocationAgent.invoke(TestInvoker.java:822)
	at org.testng.internal.TestInvoker.invokeTestMethods(TestInvoker.java:147)
	at org.testng.internal.TestMethodWorker.invokeTestMethods(TestMethodWorker.java:146)
	at org.testng.internal.TestMethodWorker.run(TestMethodWorker.java:128)
	at java.base/java.util.concurrent.ThreadPoolExecutor.runWorker(ThreadPoolExecutor.java:1128)
	at java.base/java.util.concurrent.ThreadPoolExecutor$Worker.run(ThreadPoolExecutor.java:628)
	at java.base/java.lang.Thread.run(Thread.java:834)
</pre></div></td>
<td>4</td>
<td>acj79_RegistrationFirstName.PositiveSignUpTests@5d1659ea</td></tr>
<tr>
<td title='acj79_RegistrationFirstName.PositiveSignUpTests.validateAllPositiveScenariosForSignUpTest()'><b>validateAllPositiveScenariosForSignUpTest</b><br>Test class: acj79_RegistrationFirstName.PositiveSignUpTests<br>Parameters: {TC ID=no such TC, Email=ivan@test.com, Message=You have been Registered., Short Description=GroupCode - Alphanumeric & special characters, Confirm Password=Abc123, First Name=Ivan, Group Code=123AbC#$%, Last Name=Ivanov, Password=Abc123}</td>
<td><div><pre>java.lang.AssertionError: expected [true] but found [false]
	at reusableUtilities.ReusableMethods.assertEqualStrings(ReusableMethods.java:202)
	at pageObjects.SignUpPageObject.validateSignUpPositiveScenarios(SignUpPageObject.java:61)
	at acj79_RegistrationFirstName.PositiveSignUpTests.validateAllPositiveScenariosForSignUpTest(PositiveSignUpTests.java:24)
	at java.base/java.util.concurrent.ThreadPoolExecutor.runWorker(ThreadPoolExecutor.java:1128)
	at java.base/java.util.concurrent.ThreadPoolExecutor$Worker.run(ThreadPoolExecutor.java:628)
	at java.base/java.lang.Thread.run(Thread.java:834)
... Removed 16 stack frames</pre></div><a href='#' onClick='toggleBox("stack-trace183587557", this, "Click to show all stack frames", "Click to hide stack frames")'>Click to show all stack frames</a>
<div class='stack-trace' id='stack-trace183587557'><pre>java.lang.AssertionError: expected [true] but found [false]
	at org.testng.Assert.fail(Assert.java:99)
	at org.testng.Assert.failNotEquals(Assert.java:1037)
	at org.testng.Assert.assertTrue(Assert.java:45)
	at org.testng.Assert.assertTrue(Assert.java:55)
	at reusableUtilities.ReusableMethods.assertEqualStrings(ReusableMethods.java:202)
	at pageObjects.SignUpPageObject.validateSignUpPositiveScenarios(SignUpPageObject.java:61)
	at acj79_RegistrationFirstName.PositiveSignUpTests.validateAllPositiveScenariosForSignUpTest(PositiveSignUpTests.java:24)
	at java.base/jdk.internal.reflect.NativeMethodAccessorImpl.invoke0(Native Method)
	at java.base/jdk.internal.reflect.NativeMethodAccessorImpl.invoke(NativeMethodAccessorImpl.java:62)
	at java.base/jdk.internal.reflect.DelegatingMethodAccessorImpl.invoke(DelegatingMethodAccessorImpl.java:43)
	at java.base/java.lang.reflect.Method.invoke(Method.java:566)
	at org.testng.internal.MethodInvocationHelper.invokeMethod(MethodInvocationHelper.java:132)
	at org.testng.internal.TestInvoker.invokeMethod(TestInvoker.java:599)
	at org.testng.internal.TestInvoker.invokeTestMethod(TestInvoker.java:174)
	at org.testng.internal.MethodRunner.runInSequence(MethodRunner.java:46)
	at org.testng.internal.TestInvoker$MethodInvocationAgent.invoke(TestInvoker.java:822)
	at org.testng.internal.TestInvoker.invokeTestMethods(TestInvoker.java:147)
	at org.testng.internal.TestMethodWorker.invokeTestMethods(TestMethodWorker.java:146)
	at org.testng.internal.TestMethodWorker.run(TestMethodWorker.java:128)
	at java.base/java.util.concurrent.ThreadPoolExecutor.runWorker(ThreadPoolExecutor.java:1128)
	at java.base/java.util.concurrent.ThreadPoolExecutor$Worker.run(ThreadPoolExecutor.java:628)
	at java.base/java.lang.Thread.run(Thread.java:834)
</pre></div></td>
<td>4</td>
<td>acj79_RegistrationFirstName.PositiveSignUpTests@5d1659ea</td></tr>
<tr>
<td title='acj79_RegistrationFirstName.PositiveSignUpTests.validateAllPositiveScenariosForSignUpTest()'><b>validateAllPositiveScenariosForSignUpTest</b><br>Test class: acj79_RegistrationFirstName.PositiveSignUpTests<br>Parameters: {TC ID=ACJ138, Email=ivan@test.com, Message=You have been Registered., Short Description=Pasword - Allows alphanumeric and special characters, Confirm Password=Abc%&124, First Name=Ivan, Group Code=123, Last Name=Ivanov, Password=Ab%&124}</td>
<td><div><pre>java.lang.AssertionError: expected [true] but found [false]
	at reusableUtilities.ReusableMethods.assertEqualStrings(ReusableMethods.java:202)
	at pageObjects.SignUpPageObject.validateSignUpPositiveScenarios(SignUpPageObject.java:61)
	at acj79_RegistrationFirstName.PositiveSignUpTests.validateAllPositiveScenariosForSignUpTest(PositiveSignUpTests.java:24)
	at java.base/java.util.concurrent.ThreadPoolExecutor.runWorker(ThreadPoolExecutor.java:1128)
	at java.base/java.util.concurrent.ThreadPoolExecutor$Worker.run(ThreadPoolExecutor.java:628)
	at java.base/java.lang.Thread.run(Thread.java:834)
... Removed 16 stack frames</pre></div><a href='#' onClick='toggleBox("stack-trace752334250", this, "Click to show all stack frames", "Click to hide stack frames")'>Click to show all stack frames</a>
<div class='stack-trace' id='stack-trace752334250'><pre>java.lang.AssertionError: expected [true] but found [false]
	at org.testng.Assert.fail(Assert.java:99)
	at org.testng.Assert.failNotEquals(Assert.java:1037)
	at org.testng.Assert.assertTrue(Assert.java:45)
	at org.testng.Assert.assertTrue(Assert.java:55)
	at reusableUtilities.ReusableMethods.assertEqualStrings(ReusableMethods.java:202)
	at pageObjects.SignUpPageObject.validateSignUpPositiveScenarios(SignUpPageObject.java:61)
	at acj79_RegistrationFirstName.PositiveSignUpTests.validateAllPositiveScenariosForSignUpTest(PositiveSignUpTests.java:24)
	at java.base/jdk.internal.reflect.NativeMethodAccessorImpl.invoke0(Native Method)
	at java.base/jdk.internal.reflect.NativeMethodAccessorImpl.invoke(NativeMethodAccessorImpl.java:62)
	at java.base/jdk.internal.reflect.DelegatingMethodAccessorImpl.invoke(DelegatingMethodAccessorImpl.java:43)
	at java.base/java.lang.reflect.Method.invoke(Method.java:566)
	at org.testng.internal.MethodInvocationHelper.invokeMethod(MethodInvocationHelper.java:132)
	at org.testng.internal.TestInvoker.invokeMethod(TestInvoker.java:599)
	at org.testng.internal.TestInvoker.invokeTestMethod(TestInvoker.java:174)
	at org.testng.internal.MethodRunner.runInSequence(MethodRunner.java:46)
	at org.testng.internal.TestInvoker$MethodInvocationAgent.invoke(TestInvoker.java:822)
	at org.testng.internal.TestInvoker.invokeTestMethods(TestInvoker.java:147)
	at org.testng.internal.TestMethodWorker.invokeTestMethods(TestMethodWorker.java:146)
	at org.testng.internal.TestMethodWorker.run(TestMethodWorker.java:128)
	at java.base/java.util.concurrent.ThreadPoolExecutor.runWorker(ThreadPoolExecutor.java:1128)
	at java.base/java.util.concurrent.ThreadPoolExecutor$Worker.run(ThreadPoolExecutor.java:628)
	at java.base/java.lang.Thread.run(Thread.java:834)
</pre></div></td>
<td>4</td>
<td>acj79_RegistrationFirstName.PositiveSignUpTests@5d1659ea</td></tr>
</table><p>
<table width='100%' border='1' class='invocation-passed'>
<tr><td colspan='4' align='center'><b>PASSED TESTS</b></td></tr>
<tr><td><b>Test method</b></td>
<td width="30%"><b>Exception</b></td>
<td width="10%"><b>Time (seconds)</b></td>
<td><b>Instance</b></td>
</tr>
<tr>
<td title='acj79_RegistrationFirstName.NegativeSignUpTests.validateAllErrorMsgForSignUpTest()'><b>validateAllErrorMsgForSignUpTest</b><br>Test class: acj79_RegistrationFirstName.NegativeSignUpTests<br>Parameters: {Field=First Name, TC ID=ACJ81, Email=ivan@test.com, Message=This field is required, Short Description=FirstName - This field is required, Confirm Password=Abc123, First Name=, Group Code=123, Last Name=Ivanov, Password=Abc123}</td>
<td></td>
<td>1</td>
<td>acj79_RegistrationFirstName.NegativeSignUpTests@793138bd</td></tr>
<tr>
<td title='acj79_RegistrationFirstName.NegativeSignUpTests.validateAllErrorMsgForSignUpTest()'><b>validateAllErrorMsgForSignUpTest</b><br>Test class: acj79_RegistrationFirstName.NegativeSignUpTests<br>Parameters: {Field=First Name, TC ID=no such TC, Email=ivan@test.com, Message=Whitespaces are not allowed, Short Description=FirstName -whitespaces not allowed, Confirm Password=Abc123, First Name=Iv an, Group Code=123, Last Name=Ivanov, Password=Abc123}</td>
<td></td>
<td>1</td>
<td>acj79_RegistrationFirstName.NegativeSignUpTests@793138bd</td></tr>
<tr>
<td title='acj79_RegistrationFirstName.NegativeSignUpTests.validateAllErrorMsgForSignUpTest()'><b>validateAllErrorMsgForSignUpTest</b><br>Test class: acj79_RegistrationFirstName.NegativeSignUpTests<br>Parameters: {Field=Last Name, TC ID=no such TC, Email=ivan@test.com, Message=This field is required, Short Description=LastName - This field is required, Confirm Password=Abc123, First Name=Ivan, Group Code=123, Last Name=, Password=Abc123}</td>
<td></td>
<td>1</td>
<td>acj79_RegistrationFirstName.NegativeSignUpTests@793138bd</td></tr>
<tr>
<td title='acj79_RegistrationFirstName.NegativeSignUpTests.validateAllErrorMsgForSignUpTest()'><b>validateAllErrorMsgForSignUpTest</b><br>Test class: acj79_RegistrationFirstName.NegativeSignUpTests<br>Parameters: {Field=Last Name, TC ID=no such TC, Email=ivan@test.com, Message=Whitespaces are not allowed, Short Description=LastName -whitespaces not allowed, Confirm Password=Abc123, First Name=Ivan, Group Code=123, Last Name=Iva nov, Password=Abc123}</td>
<td></td>
<td>1</td>
<td>acj79_RegistrationFirstName.NegativeSignUpTests@793138bd</td></tr>
<tr>
<td title='acj79_RegistrationFirstName.NegativeSignUpTests.validateAllErrorMsgForSignUpTest()'><b>validateAllErrorMsgForSignUpTest</b><br>Test class: acj79_RegistrationFirstName.NegativeSignUpTests<br>Parameters: {Field=Email, TC ID=ACJ425, Email=iv8%an@te7&st.com, Message=Should be a valid email address, Short Description=Email- Allowable characters: Alphanumeric char and @ including other special char, Confirm Password=Abc123, First Name=Ivan, Group Code=123, Last Name=Ivanov, Password=Abc123}</td>
<td></td>
<td>1</td>
<td>acj79_RegistrationFirstName.NegativeSignUpTests@793138bd</td></tr>
<tr>
<td title='acj79_RegistrationFirstName.NegativeSignUpTests.validateAllErrorMsgForSignUpTest()'><b>validateAllErrorMsgForSignUpTest</b><br>Test class: acj79_RegistrationFirstName.NegativeSignUpTests<br>Parameters: {Field=Email, TC ID=ACJ140, Email=, Message=This field is required, Short Description=Email - This field is required, Confirm Password=Abc123, First Name=Ivan, Group Code=123, Last Name=Ivanov, Password=Abc123}</td>
<td></td>
<td>1</td>
<td>acj79_RegistrationFirstName.NegativeSignUpTests@793138bd</td></tr>
<tr>
<td title='acj79_RegistrationFirstName.NegativeSignUpTests.validateAllErrorMsgForSignUpTest()'><b>validateAllErrorMsgForSignUpTest</b><br>Test class: acj79_RegistrationFirstName.NegativeSignUpTests<br>Parameters: {Field=Email, TC ID=ACJ422, Email=bgdfkjbgdskjlbgdfskjlbgdFsjkbgklskjbskjbg2s350jaUfdngdsShouldbe65@bgdfkjbgdskjlbgfskjlbgdsjkbgklskjbgskjbgPjafdngdskfdrShouldBe63.bgdfkjbgdskjlbgdfskjlbgdsjkbgklskjbgskjbgjafdngdkjjfdShouldBe63, Message=Should be a valid email address, Short Description=Email - 65 char in front, 63 in middle, 63 in end, Confirm Password=Abc123, First Name=Ivan, Group Code=123, Last Name=Ivanov, Password=Abc123}</td>
<td></td>
<td>2</td>
<td>acj79_RegistrationFirstName.NegativeSignUpTests@793138bd</td></tr>
<tr>
<td title='acj79_RegistrationFirstName.NegativeSignUpTests.validateAllErrorMsgForSignUpTest()'><b>validateAllErrorMsgForSignUpTest</b><br>Test class: acj79_RegistrationFirstName.NegativeSignUpTests<br>Parameters: {Field=Email, TC ID=ACJ423, Email=bgdfkjbgdskjlbgdfskjlbgdFsjkbgklskjbskjbg2s350jafdngdsShouldbe64@bgdfkjbgdskjlbgdfskjlbgdsjkbgklskjbgskjbgPjafdngdskfdrShouldBe64.bgdfkjbgdskjlbgdfskjlbgdsjkbgklskjbgskjbgjafdngdkjjfdShouldBe63, Message=Should be a valid email address, Short Description=Email - 64 char in front, 64 in middle, 63 in end, Confirm Password=Abc123, First Name=Ivan, Group Code=123, Last Name=Ivanov, Password=Abc123}</td>
<td></td>
<td>1</td>
<td>acj79_RegistrationFirstName.NegativeSignUpTests@793138bd</td></tr>
<tr>
<td title='acj79_RegistrationFirstName.NegativeSignUpTests.validateAllErrorMsgForSignUpTest()'><b>validateAllErrorMsgForSignUpTest</b><br>Test class: acj79_RegistrationFirstName.NegativeSignUpTests<br>Parameters: {Field=Email, TC ID=ACJ424, Email=bgdfkjbgdskjlbgdfskjlbgdsjkbgklskjbgskjbg2s350jafdngdsShouldbe64@bgdfkjbgdskjlbgdfskjlbgdsjkbgklskjbgskjbgjafdngdskfdrShouldBe63.bgdfkjbgdskjlbgdfskjlbgdsjkbgklskjbgskjbgjafdngdskjjfdShouldBe64, Message=Should be a valid email address, Short Description=Email - 64 char in front, 63 in middle, 64 in end, Confirm Password=Abc123, First Name=Ivan, Group Code=123, Last Name=Ivanov, Password=Abc123}</td>
<td></td>
<td>2</td>
<td>acj79_RegistrationFirstName.NegativeSignUpTests@793138bd</td></tr>
<tr>
<td title='acj79_RegistrationFirstName.NegativeSignUpTests.validateAllErrorMsgForSignUpTest()'><b>validateAllErrorMsgForSignUpTest</b><br>Test class: acj79_RegistrationFirstName.NegativeSignUpTests<br>Parameters: {Field=Email, TC ID=ACJ151, Email=ivan @test.com, Message=Should be a valid email address, Short Description=Email - no white spaces end of email, Confirm Password=Abc123, First Name=Ivan, Group Code=123, Last Name=Ivanov, Password=Abc123}</td>
<td></td>
<td>1</td>
<td>acj79_RegistrationFirstName.NegativeSignUpTests@793138bd</td></tr>
<tr>
<td title='acj79_RegistrationFirstName.NegativeSignUpTests.validateAllErrorMsgForSignUpTest()'><b>validateAllErrorMsgForSignUpTest</b><br>Test class: acj79_RegistrationFirstName.NegativeSignUpTests<br>Parameters: {Field=Email, TC ID=ACJ150, Email=iv an@test.com, Message=Should be a valid email address, Short Description=Email - no white spaces in middle of email, Confirm Password=Abc123, First Name=Ivan, Group Code=123, Last Name=Ivanov, Password=Abc123}</td>
<td></td>
<td>1</td>
<td>acj79_RegistrationFirstName.NegativeSignUpTests@793138bd</td></tr>
<tr>
<td title='acj79_RegistrationFirstName.NegativeSignUpTests.validateAllErrorMsgForSignUpTest()'><b>validateAllErrorMsgForSignUpTest</b><br>Test class: acj79_RegistrationFirstName.NegativeSignUpTests<br>Parameters: {Field=Email, TC ID=ACJ147, Email= ivan@test.com, Message=Should be a valid email address, Short Description=Email - no white spaces before email, Confirm Password=Abc123, First Name=Ivan, Group Code=123, Last Name=Ivanov, Password=Abc123}</td>
<td></td>
<td>1</td>
<td>acj79_RegistrationFirstName.NegativeSignUpTests@793138bd</td></tr>
<tr>
<td title='acj79_RegistrationFirstName.NegativeSignUpTests.validateAllErrorMsgForSignUpTest()'><b>validateAllErrorMsgForSignUpTest</b><br>Test class: acj79_RegistrationFirstName.NegativeSignUpTests<br>Parameters: {Field=Group Code, TC ID=no such TC, Email=ivan@test.com, Message=This field is required, Short Description=GroupCode - This field is required, Confirm Password=Abc123, First Name=Ivan, Group Code=, Last Name=Ivanov, Password=Abc123}</td>
<td></td>
<td>1</td>
<td>acj79_RegistrationFirstName.NegativeSignUpTests@793138bd</td></tr>
<tr>
<td title='acj79_RegistrationFirstName.NegativeSignUpTests.validateAllErrorMsgForSignUpTest()'><b>validateAllErrorMsgForSignUpTest</b><br>Test class: acj79_RegistrationFirstName.NegativeSignUpTests<br>Parameters: {Field=Group Code, TC ID=no such TC, Email=ivan@test.com, Message=Too long. Should be no more than 6 characters, Short Description=GroupCode - Max + 1 (7  characters), Confirm Password=Abc123, First Name=Ivan, Group Code=1234567, Last Name=Ivanov, Password=Abc123}</td>
<td></td>
<td>1</td>
<td>acj79_RegistrationFirstName.NegativeSignUpTests@793138bd</td></tr>
<tr>
<td title='acj79_RegistrationFirstName.NegativeSignUpTests.validateAllErrorMsgForSignUpTest()'><b>validateAllErrorMsgForSignUpTest</b><br>Test class: acj79_RegistrationFirstName.NegativeSignUpTests<br>Parameters: {Field=Password, TC ID=ACJ139, Email=ivan@test.com, Message=This field is required, Short Description=Password - Field is required, Confirm Password=Abc123, First Name=Ivan, Group Code=123, Last Name=Ivanov, Password=}</td>
<td></td>
<td>0</td>
<td>acj79_RegistrationFirstName.NegativeSignUpTests@793138bd</td></tr>
<tr>
<td title='acj79_RegistrationFirstName.NegativeSignUpTests.validateAllErrorMsgForSignUpTest()'><b>validateAllErrorMsgForSignUpTest</b><br>Test class: acj79_RegistrationFirstName.NegativeSignUpTests<br>Parameters: {Field=Password, TC ID=no such TC, Email=ivan@test.com, Message=This field is required, Short Description=Confirm Password Filed is required, Confirm Password=, First Name=Ivan, Group Code=123, Last Name=Ivanov, Password=Abc123}</td>
<td></td>
<td>0</td>
<td>acj79_RegistrationFirstName.NegativeSignUpTests@793138bd</td></tr>
<tr>
<td title='acj79_RegistrationFirstName.NegativeSignUpTests.validateAllErrorMsgForSignUpTest()'><b>validateAllErrorMsgForSignUpTest</b><br>Test class: acj79_RegistrationFirstName.NegativeSignUpTests<br>Parameters: {Field=Password, TC ID=ACJ141, Email=ivan@test.com, Message=Too short. Should be at least 5 characters, Short Description=Password - Minimum -1 (4 characters), Confirm Password=Abc1, First Name=Ivan, Group Code=123, Last Name=Ivanov, Password=Abc1}</td>
<td></td>
<td>1</td>
<td>acj79_RegistrationFirstName.NegativeSignUpTests@793138bd</td></tr>
<tr>
<td title='acj79_RegistrationFirstName.NegativeSignUpTests.validateAllErrorMsgForSignUpTest()'><b>validateAllErrorMsgForSignUpTest</b><br>Test class: acj79_RegistrationFirstName.NegativeSignUpTests<br>Parameters: {Field=Confirm Password, TC ID=no such TC, Email=ivan@test.com, Message=Too short. Should be at least 5 characters, Short Description=Confirm Password - Minimum -1(4 characters), Confirm Password=Abc, First Name=Ivan, Group Code=123, Last Name=Ivanov, Password=Abc123}</td>
<td></td>
<td>0</td>
<td>acj79_RegistrationFirstName.NegativeSignUpTests@793138bd</td></tr>
<tr>
<td title='acj79_RegistrationFirstName.NegativeSignUpTests.validateAllErrorMsgForSignUpTest()'><b>validateAllErrorMsgForSignUpTest</b><br>Test class: acj79_RegistrationFirstName.NegativeSignUpTests<br>Parameters: {Field=Confirm Password, TC ID=no such TC, Email=ivan@test.com, Message=Whitespaces are not allowed, Short Description=Confirm Password - White spaces is not allowed, Confirm Password=Abc 23, First Name=Ivan, Group Code=123, Last Name=Ivanov, Password=Abc124}</td>
<td></td>
<td>0</td>
<td>acj79_RegistrationFirstName.NegativeSignUpTests@793138bd</td></tr>
<tr>
<td title='acj79_RegistrationFirstName.PositiveSignUpTests.validateAllPositiveScenariosForSignUpTest()'><b>validateAllPositiveScenariosForSignUpTest</b><br>Test class: acj79_RegistrationFirstName.PositiveSignUpTests<br>Parameters: {TC ID=ACJ80, Email=ivan@test.com, Message=You have been Registered., Short Description=FirstName - Alphanumeric & special characters, Confirm Password=Abc123, First Name=Ivan123#$%, Group Code=123, Last Name=Ivanov, Password=Abc123}</td>
<td></td>
<td>3</td>
<td>acj79_RegistrationFirstName.PositiveSignUpTests@5d1659ea</td></tr>
<tr>
<td title='acj79_RegistrationFirstName.PositiveSignUpTests.validateAllPositiveScenariosForSignUpTest()'><b>validateAllPositiveScenariosForSignUpTest</b><br>Test class: acj79_RegistrationFirstName.PositiveSignUpTests<br>Parameters: {TC ID=ACJ82, Email=ivan@test.com, Message=You have been Registered., Short Description=FirstName - Max (254 characters) when last name is 1 character, Confirm Password=Abc123, First Name=Ivan123@$%Ivan123@$%Ivan123@$%Ivan123@$%Ivan123@$%Ivan123@$%Ivan123@$%Ivan123@$%Ivan123@$%Ivan123@$%Ivan123@$%Ivan123@$%Ivan123@$%Ivan123@$%Ivan123@$%Ivan123@$%Ivan123@$%Ivan123@$%Ivan123@$%Ivan123@$%Ivan123@$%Ivan123@$%Ivan123@$%Ivan123@$%Ivan123@$ewwe, Group Code=123, Last Name=I, Password=Abc123}</td>
<td></td>
<td>4</td>
<td>acj79_RegistrationFirstName.PositiveSignUpTests@5d1659ea</td></tr>
<tr>
<td title='acj79_RegistrationFirstName.PositiveSignUpTests.validateAllPositiveScenariosForSignUpTest()'><b>validateAllPositiveScenariosForSignUpTest</b><br>Test class: acj79_RegistrationFirstName.PositiveSignUpTests<br>Parameters: {TC ID=no such TC, Email=ivan@test.com, Message=You have been Registered., Short Description=FirstName - Min 1 character, Confirm Password=Abc123, First Name=I, Group Code=123, Last Name=Ivanov, Password=Abc123}</td>
<td></td>
<td>3</td>
<td>acj79_RegistrationFirstName.PositiveSignUpTests@5d1659ea</td></tr>
<tr>
<td title='acj79_RegistrationFirstName.PositiveSignUpTests.validateAllPositiveScenariosForSignUpTest()'><b>validateAllPositiveScenariosForSignUpTest</b><br>Test class: acj79_RegistrationFirstName.PositiveSignUpTests<br>Parameters: {TC ID=no such TC, Email=ivan@test.com, Message=You have been Registered., Short Description=LastName - Alphanumeric & special characters, Confirm Password=Abc123, First Name=Ivan, Group Code=123, Last Name=Ivan@#45Ov, Password=Abc123}</td>
<td></td>
<td>3</td>
<td>acj79_RegistrationFirstName.PositiveSignUpTests@5d1659ea</td></tr>
<tr>
<td title='acj79_RegistrationFirstName.PositiveSignUpTests.validateAllPositiveScenariosForSignUpTest()'><b>validateAllPositiveScenariosForSignUpTest</b><br>Test class: acj79_RegistrationFirstName.PositiveSignUpTests<br>Parameters: {TC ID=no such TC, Email=ivan@test.com, Message=You have been Registered., Short Description=LastName - Max (254 characters) when first name is 1 character, Confirm Password=Abc123, First Name=I, Group Code=123, Last Name=Ivan123@$%Ivan123@$%Ivan123@$%Ivan123@$%Ivan123@$%Ivan123@$%Ivan123@$%Ivan123@$%Ivan123@$%Ivan123@$%Ivan123@$%Ivan123@$%Ivan123@$%Ivan123@$%Ivan123@$%Ivan123@$%Ivan123@$%Ivan123@$%Ivan123@$%Ivan123@$%Ivan123@$%Ivan123@$%Ivan123@$%Ivan123@$%Ivan123@$ew254, Password=Abc123}</td>
<td></td>
<td>4</td>
<td>acj79_RegistrationFirstName.PositiveSignUpTests@5d1659ea</td></tr>
<tr>
<td title='acj79_RegistrationFirstName.PositiveSignUpTests.validateAllPositiveScenariosForSignUpTest()'><b>validateAllPositiveScenariosForSignUpTest</b><br>Test class: acj79_RegistrationFirstName.PositiveSignUpTests<br>Parameters: {TC ID=no such TC, Email=ivan@test.com, Message=You have been Registered., Short Description=LastName - Min 1 character, Confirm Password=Abc123, First Name=I, Group Code=123, Last Name=Ivanov, Password=Abc123}</td>
<td></td>
<td>2</td>
<td>acj79_RegistrationFirstName.PositiveSignUpTests@5d1659ea</td></tr>
<tr>
<td title='acj79_RegistrationFirstName.PositiveSignUpTests.validateAllPositiveScenariosForSignUpTest()'><b>validateAllPositiveScenariosForSignUpTest</b><br>Test class: acj79_RegistrationFirstName.PositiveSignUpTests<br>Parameters: {TC ID=ACJ136, Email=iv87an@te78st.com, Message=You have been Registered., Short Description=Email - Alphanumeric characters and @ special char, Confirm Password=Abc123, First Name=Ivan, Group Code=123, Last Name=Ivanov, Password=Abc123}</td>
<td></td>
<td>3</td>
<td>acj79_RegistrationFirstName.PositiveSignUpTests@5d1659ea</td></tr>
<tr>
<td title='acj79_RegistrationFirstName.PositiveSignUpTests.validateAllPositiveScenariosForSignUpTest()'><b>validateAllPositiveScenariosForSignUpTest</b><br>Test class: acj79_RegistrationFirstName.PositiveSignUpTests<br>Parameters: {TC ID=no such TC, Email=ivan@test.com, Message=You have been Registered., Short Description=GroupCode - Min (1 character), Confirm Password=Abc123, First Name=Ivan, Group Code=1, Last Name=Ivanov, Password=Abc123}</td>
<td></td>
<td>2</td>
<td>acj79_RegistrationFirstName.PositiveSignUpTests@5d1659ea</td></tr>
<tr>
<td title='acj79_RegistrationFirstName.PositiveSignUpTests.validateAllPositiveScenariosForSignUpTest()'><b>validateAllPositiveScenariosForSignUpTest</b><br>Test class: acj79_RegistrationFirstName.PositiveSignUpTests<br>Parameters: {TC ID=no such TC, Email=ivan@test.com, Message=You have been Registered., Short Description=GroupCode - Max (6 characters), Confirm Password=Abc123, First Name=Ivan, Group Code=123456, Last Name=Ivanov, Password=Abc123}</td>
<td></td>
<td>2</td>
<td>acj79_RegistrationFirstName.PositiveSignUpTests@5d1659ea</td></tr>
<tr>
<td title='acj79_RegistrationFirstName.PositiveSignUpTests.validateAllPositiveScenariosForSignUpTest()'><b>validateAllPositiveScenariosForSignUpTest</b><br>Test class: acj79_RegistrationFirstName.PositiveSignUpTests<br>Parameters: {TC ID=no such TC, Email=ivan@test.com, Message=You have been Registered., Short Description=Password - Minimum (5 characters), Confirm Password=Abc12, First Name=Ivan, Group Code=123, Last Name=Ivanov, Password=Abc12}</td>
<td></td>
<td>2</td>
<td>acj79_RegistrationFirstName.PositiveSignUpTests@5d1659ea</td></tr>
<tr>
<td title='acj79_RegistrationFirstName.PositiveSignUpTests.validateAllPositiveScenariosForSignUpTest()'><b>validateAllPositiveScenariosForSignUpTest</b><br>Test class: acj79_RegistrationFirstName.PositiveSignUpTests<br>Parameters: {TC ID=ACJ346, Email=ivan@test.com, Message=You have been Registered., Short Description=Password - Maximum (32 characters), Confirm Password=Abc1234567Abc1234567Abc1234567Ab, First Name=Ivan, Group Code=123, Last Name=Ivanov, Password=Abc1234567Abc1234567Abc1234567Ab}</td>
<td></td>
<td>3</td>
<td>acj79_RegistrationFirstName.PositiveSignUpTests@5d1659ea</td></tr>
<tr>
<td title='acj79_RegistrationFirstName.PositiveSignUpTests.validateAllPositiveScenariosForSignUpTest()'><b>validateAllPositiveScenariosForSignUpTest</b><br>Test class: acj79_RegistrationFirstName.PositiveSignUpTests<br>Parameters: {TC ID=no such TC, Email=ivan@test.com, Message=You have been Registered., Short Description=Password must match with Confirm password, Confirm Password=Abc123, First Name=Ivan, Group Code=123, Last Name=Ivanov, Password=Abc123}</td>
<td></td>
<td>3</td>
<td>acj79_RegistrationFirstName.PositiveSignUpTests@5d1659ea</td></tr>
</table><p>
</body>
</html>