<?xml version="1.0" encoding="UTF-8"?>
<!-- Generated by org.testng.reporters.JUnitXMLReporter -->
<testsuite ignored="0" hostname="LAPTOP-FAP6QC75" failures="0" tests="3" name="ValidEmailValidPasswordTest" time="27.666" errors="0" timestamp="2021-01-16T12:53:25 PST">
  <testcase classname="acj232_LoginTestsSet.ACJ235_LoginValidEmailAndPasswordTest" name="acj235_LogInWithValidNameAndPasswordTest" time="1.826"/>
  <testcase classname="acj232_LoginTestsSet.ACJ236_InvalidEmailAndPasswordTest" name="invalidEmailAndPassword" time="1.547"/>
  <testcase classname="acj232_LoginTestsSet.ACJ239_PasswordInBullets" name="verifyIfPasswordIsInBullets" time="0.472"/>
</testsuite> <!-- ValidEmailValidPasswordTest -->
